MPASM 5.77                         MAIN2.ASM   12-25-2025  0:49:39         PAGE  1


LOC  OBJECT CODE     LINE SOURCE TEXT
  VALUE

Warning[205]: Found directive in column 1. (LIST)
                      00001 LIST P=16F877A
                      00002     INCLUDE "P16F877A.INC"
                      00001         LIST
                      00002 
                      00003 ;==========================================================================
                      00004 ; Build date : Nov 22 2017
                      00005 ;  MPASM PIC16F877A processor include
                      00006 ; 
                      00007 ;  (c) Copyright 1999-2017 Microchip Technology, All rights reserved
                      00008 ;==========================================================================
                      00009 
                      00567         LIST
                      00003 
2007   3F71           00004     __CONFIG _CP_OFF & _WDT_OFF & _BODEN_ON & _PWRTE_ON & _XT_OSC & _WRT_OFF & _LVP_OFF & _CPD_OFF
                      00005 
                      00006     CBLOCK 0x20
  00000020            00007         SAYAC1, SAYAC2
  00000022            00008         DESIRED_ST, CURRENT_ST          
  00000024            00009         STEP_LOOP, BIN_SAYI            
  00000026            00010         YUZLER, ONLAR, BIRLER
  00000029            00011         LDR_VAL, POT_VAL, TEMP_MATH
  0000002C            00012         LAST_VAL, PHASE_STEP
                      00013     ENDC
                      00014 
                      00015 #define RS PORTB, 4
                      00016 #define EN PORTB, 5
                      00017 #define MOD_SWITCH PORTA, 2
                      00018 
                      00019     ORG 0x00
0000   2???           00020     GOTO SETUP
                      00021 
0001                  00022 SETUP
0001   1683           00023     BSF     STATUS, RP0
Message[302]: Register in operand not in bank 0.  Ensure that bank bits are correct.
0002   0188           00024     CLRF    TRISD           
0003   30C0           00025     MOVLW   B'11000000'     
Message[302]: Register in operand not in bank 0.  Ensure that bank bits are correct.
0004   0086           00026     MOVWF   TRISB
0005   3007           00027     MOVLW   B'00000111'
Message[302]: Register in operand not in bank 0.  Ensure that bank bits are correct.
0006   0085           00028     MOVWF   TRISA
0007   3004           00029     MOVLW   B'00000100'     
Message[302]: Register in operand not in bank 0.  Ensure that bank bits are correct.
0008   009F           00030     MOVWF   ADCON1
0009   1283           00031     BCF     STATUS, RP0
000A   3081           00032     MOVLW   B'10000001'     
000B   009F           00033     MOVWF   ADCON0
                      00034     
000C   01AD           00035     CLRF    PHASE_STEP
000D   3001           00036     MOVLW   B'0001'         
000E   0086           00037     MOVWF   PORTB
000F   2???           00038     CALL    GECIKME_KISA    
MPASM 5.77                         MAIN2.ASM   12-25-2025  0:49:39         PAGE  2


LOC  OBJECT CODE     LINE SOURCE TEXT
  VALUE

0010   01A3           00039     CLRF    CURRENT_ST      
0011   30FF           00040     MOVLW   0xFF
0012   00AC           00041     MOVWF   LAST_VAL
0013   2???           00042     CALL    LCD_INIT
0014   2???           00043     GOTO    ANA_DONGU
                      00044 
0015                  00045 ANA_DONGU
0015   1905           00046     BTFSC   MOD_SWITCH
0016   2???           00047     GOTO    MANUEL_OKU
                      00048 
0017                  00049 OTOMATIK_OKU
0017   3081           00050     MOVLW   B'10000001'
0018   009F           00051     MOVWF   ADCON0
0019   2???           00052     CALL    GECIKME_KISA
001A   2???           00053     CALL    ADC_OKU
001B   081E           00054     MOVF    ADRESH, W
001C   3CFF           00055     SUBLW   D'255'          
001D   2???           00056     CALL    SCALE_LDR_100   
001E   00A9           00057     MOVWF   LDR_VAL         ; Ekranda gorunecek Lux degeri (I??k artt?kça artar)
                      00058     
                      00059     ; LUX %100 iken PERDE %0 olmasi icin tersliyoruz
001F   0829           00060     MOVF    LDR_VAL, W
0020   3C64           00061     SUBLW   D'100'          
0021   00A2           00062     MOVWF   DESIRED_ST      ; Hedef konum (Isik arttikca duser)
0022   2???           00063     GOTO    KONTROL_ET
                      00064 
0023                  00065 MANUEL_OKU
0023   3089           00066     MOVLW   B'10001001'
0024   009F           00067     MOVWF   ADCON0
0025   2???           00068     CALL    GECIKME_KISA
0026   2???           00069     CALL    ADC_OKU
0027   081E           00070     MOVF    ADRESH, W
0028   2???           00071     CALL    SCALE_POT_100   
0029   00AA           00072     MOVWF   POT_VAL
002A   00A2           00073     MOVWF   DESIRED_ST      
                      00074 
002B                  00075 KONTROL_ET
002B   0822           00076     MOVF    DESIRED_ST, W
002C   062C           00077     XORWF   LAST_VAL, W
002D   1D03           00078     BTFSS   STATUS, Z
002E   2???           00079     CALL    LCD_EKRAN_YAZ   
002F   0822           00080     MOVF    DESIRED_ST, W
0030   00AC           00081     MOVWF   LAST_VAL        
                      00082 
0031   0823           00083     MOVF    CURRENT_ST, W
0032   0622           00084     XORWF   DESIRED_ST, W
0033   1903           00085     BTFSC   STATUS, Z       
0034   2???           00086     GOTO    ANA_DONGU
                      00087 
0035   0823           00088     MOVF    CURRENT_ST, W
0036   0222           00089     SUBWF   DESIRED_ST, W
0037   1803           00090     BTFSC   STATUS, C       
0038   2???           00091     GOTO    KAPAT_YOLU      
MPASM 5.77                         MAIN2.ASM   12-25-2025  0:49:39         PAGE  3


LOC  OBJECT CODE     LINE SOURCE TEXT
  VALUE

0039   2???           00092     GOTO    AC_YOLU         
                      00093 
003A                  00094 AC_YOLU
003A   300A           00095     MOVLW   D'10'           
003B   00A4           00096     MOVWF   STEP_LOOP
003C                  00097 AC_L
003C   2???           00098     CALL    SINGLE_STEP_CW         
003D   0BA4           00099     DECFSZ  STEP_LOOP, F
003E   2???           00100     GOTO    AC_L
003F   03A3           00101     DECF    CURRENT_ST, F   
0040   2???           00102     CALL    LCD_EKRAN_YAZ   
0041   2???           00103     GOTO    ANA_DONGU
                      00104 
0042                  00105 KAPAT_YOLU
0042   300A           00106     MOVLW   D'10'           
0043   00A4           00107     MOVWF   STEP_LOOP
0044                  00108 KP_L
0044   2???           00109     CALL    SINGLE_STEP_CCW        
0045   0BA4           00110     DECFSZ  STEP_LOOP, F
0046   2???           00111     GOTO    KP_L
0047   0AA3           00112     INCF    CURRENT_ST, F   
0048   2???           00113     CALL    LCD_EKRAN_YAZ   
0049   2???           00114     GOTO    ANA_DONGU
                      00115 
                      00116 ; --- MOTOR ---
004A                  00117 SINGLE_STEP_CW
004A   0AAD           00118     INCF    PHASE_STEP, F
004B   082D           00119     MOVF    PHASE_STEP, W
004C   3903           00120     ANDLW   0x03
004D   2???           00121     CALL    STEP_TABLE
004E   0086           00122     MOVWF   PORTB
004F   2???           00123     CALL    GECIKME
0050   0008           00124     RETURN
                      00125 
0051                  00126 SINGLE_STEP_CCW
0051   03AD           00127     DECF    PHASE_STEP, F
0052   082D           00128     MOVF    PHASE_STEP, W
0053   3903           00129     ANDLW   0x03
0054   2???           00130     CALL    STEP_TABLE
0055   0086           00131     MOVWF   PORTB
0056   2???           00132     CALL    GECIKME
0057   0008           00133     RETURN
                      00134 
0058                  00135 STEP_TABLE
0058   0782           00136     ADDWF   PCL, F
0059   3401           00137     RETLW   B'0001'
005A   3402           00138     RETLW   B'0010'
005B   3404           00139     RETLW   B'0100'
005C   3408           00140     RETLW   B'1000'
                      00141 
                      00142 ; --- LCD ---
005D                  00143 LCD_EKRAN_YAZ
005D   3080           00144     MOVLW   0x80
MPASM 5.77                         MAIN2.ASM   12-25-2025  0:49:39         PAGE  4


LOC  OBJECT CODE     LINE SOURCE TEXT
  VALUE

005E   2???           00145     CALL    LCD_KOMUT
005F   304D           00146     MOVLW   'M'
0060   2???           00147     CALL    LCD_VERI
0061   304F           00148     MOVLW   'O'
0062   2???           00149     CALL    LCD_VERI
0063   3044           00150     MOVLW   'D'
0064   2???           00151     CALL    LCD_VERI
0065   3020           00152     MOVLW   ' '
0066   2???           00153     CALL    LCD_VERI
0067   1905           00154     BTFSC   MOD_SWITCH
0068   2???           00155     GOTO    LCD_MAN_M
0069   3041           00156     MOVLW   'A'
006A   2???           00157     CALL    LCD_VERI
006B   3055           00158     MOVLW   'U'
006C   2???           00159     CALL    LCD_VERI
006D   3054           00160     MOVLW   'T'
006E   2???           00161     CALL    LCD_VERI
006F   304F           00162     MOVLW   'O'
0070   2???           00163     CALL    LCD_VERI
0071   2???           00164     GOTO    LCD_LINE2
0072                  00165 LCD_MAN_M
0072   304D           00166     MOVLW   'M'
0073   2???           00167     CALL    LCD_VERI
0074   3041           00168     MOVLW   'A'
0075   2???           00169     CALL    LCD_VERI
0076   304E           00170     MOVLW   'N'
0077   2???           00171     CALL    LCD_VERI
0078   3020           00172     MOVLW   ' '
0079   2???           00173     CALL    LCD_VERI
                      00174 
007A                  00175 LCD_LINE2
007A   30C0           00176     MOVLW   0xC0
007B   2???           00177     CALL    LCD_KOMUT
007C   1905           00178     BTFSC   MOD_SWITCH
007D   2???           00179     GOTO    LCD_DES_YAZ
007E   304C           00180     MOVLW   'L'
007F   2???           00181     CALL    LCD_VERI
0080   3055           00182     MOVLW   'U'
0081   2???           00183     CALL    LCD_VERI
0082   3058           00184     MOVLW   'X'
0083   2???           00185     CALL    LCD_VERI
0084   2???           00186     GOTO    LCD_VAL_BAS
0085                  00187 LCD_DES_YAZ
0085   3044           00188     MOVLW   'D'
0086   2???           00189     CALL    LCD_VERI
0087   3045           00190     MOVLW   'E'
0088   2???           00191     CALL    LCD_VERI
0089   3053           00192     MOVLW   'S'
008A   2???           00193     CALL    LCD_VERI
                      00194 
008B                  00195 LCD_VAL_BAS
008B   3020           00196     MOVLW   ' '
008C   2???           00197     CALL    LCD_VERI
MPASM 5.77                         MAIN2.ASM   12-25-2025  0:49:39         PAGE  5


LOC  OBJECT CODE     LINE SOURCE TEXT
  VALUE

                      00198     
                      00199     ; Sol taraftaki deger (LDR_VAL veya DESIRED_ST)
008D   1905           00200     BTFSC   MOD_SWITCH
008E   0822           00201     MOVF    DESIRED_ST, W
008F   1D05           00202     BTFSS   MOD_SWITCH
0090   0829           00203     MOVF    LDR_VAL, W
0091   00A5           00204     MOVWF   BIN_SAYI
0092   2???           00205     CALL    SAYI_BAS_3DIGIT
0093   3025           00206     MOVLW   '%'
0094   2???           00207     CALL    LCD_VERI
                      00208     
0095   3020           00209     MOVLW   ' '
0096   2???           00210     CALL    LCD_VERI
0097   302D           00211     MOVLW   '-'
0098   2???           00212     CALL    LCD_VERI
0099   3020           00213     MOVLW   ' '
009A   2???           00214     CALL    LCD_VERI
                      00215     
                      00216     ; Sag taraftaki deger (Motorun konumu)
009B   0823           00217     MOVF    CURRENT_ST, W
009C   00A5           00218     MOVWF   BIN_SAYI
009D   2???           00219     CALL    SAYI_BAS_3DIGIT
009E   3025           00220     MOVLW   '%'
009F   2???           00221     CALL    LCD_VERI
00A0   0008           00222     RETURN
                      00223 
                      00224 ; --- YARDIMCI ---
00A1                  00225 SAYI_BAS_3DIGIT
00A1   2???           00226     CALL    BIN_TO_BCD
00A2   0826           00227     MOVF    YUZLER, W
00A3   3E30           00228     ADDLW   0x30
00A4   2???           00229     CALL    LCD_VERI
00A5   0827           00230     MOVF    ONLAR, W
00A6   3E30           00231     ADDLW   0x30
00A7   2???           00232     CALL    LCD_VERI
00A8   0828           00233     MOVF    BIRLER, W
00A9   3E30           00234     ADDLW   0x30
00AA   2???           00235     CALL    LCD_VERI
00AB   0008           00236     RETURN
                      00237 
00AC                  00238 BIN_TO_BCD
00AC   01A6           00239     CLRF    YUZLER
00AD   01A7           00240     CLRF    ONLAR
00AE   0825           00241     MOVF    BIN_SAYI, W
00AF   00A8           00242     MOVWF   BIRLER
00B0                  00243 Y_C
00B0   3064           00244     MOVLW   D'100'
00B1   0228           00245     SUBWF   BIRLER, W
00B2   1C03           00246     BTFSS   STATUS, C
00B3   2???           00247     GOTO    O_C
00B4   00A8           00248     MOVWF   BIRLER
00B5   0AA6           00249     INCF    YUZLER, F
00B6   2???           00250     GOTO    Y_C
MPASM 5.77                         MAIN2.ASM   12-25-2025  0:49:39         PAGE  6


LOC  OBJECT CODE     LINE SOURCE TEXT
  VALUE

00B7                  00251 O_C
00B7   300A           00252     MOVLW   D'10'
00B8   0228           00253     SUBWF   BIRLER, W
00B9   1C03           00254     BTFSS   STATUS, C
00BA   0008           00255     RETURN
00BB   00A8           00256     MOVWF   BIRLER
00BC   0AA7           00257     INCF    ONLAR, F
00BD   2???           00258     GOTO    O_C
                      00259 
00BE                  00260 SCALE_POT_100
00BE   00AB           00261     MOVWF   TEMP_MATH
00BF   01A5           00262     CLRF    BIN_SAYI
00C0                  00263 P_L
00C0   3033           00264     MOVLW   D'51'
00C1   02AB           00265     SUBWF   TEMP_MATH, F
00C2   1C03           00266     BTFSS   STATUS, C
00C3   2???           00267     GOTO    P_E
00C4   3014           00268     MOVLW   D'20'
00C5   07A5           00269     ADDWF   BIN_SAYI, F
00C6   2???           00270     GOTO    P_L
00C7                  00271 P_E
00C7   0825           00272     MOVF    BIN_SAYI, W
00C8   0008           00273     RETURN
                      00274 
00C9                  00275 SCALE_LDR_100
00C9   00AB           00276     MOVWF   TEMP_MATH
00CA   01A5           00277     CLRF    BIN_SAYI
00CB                  00278 L_L
00CB   3019           00279     MOVLW   D'25'
00CC   02AB           00280     SUBWF   TEMP_MATH, F
00CD   1C03           00281     BTFSS   STATUS, C
00CE   2???           00282     GOTO    L_E
00CF   300A           00283     MOVLW   D'10'
00D0   07A5           00284     ADDWF   BIN_SAYI, F
00D1   2???           00285     GOTO    L_L
00D2                  00286 L_E
00D2   0825           00287     MOVF    BIN_SAYI, W
00D3   0008           00288     RETURN
                      00289 
00D4                  00290 ADC_OKU
00D4   151F           00291     BSF     ADCON0, GO
00D5                  00292 W_D
00D5   191F           00293     BTFSC   ADCON0, GO
00D6   2???           00294     GOTO    W_D
00D7   0008           00295     RETURN
                      00296 
00D8                  00297 LCD_INIT
00D8   3038           00298     MOVLW   0x38
00D9   2???           00299     CALL    LCD_KOMUT
00DA   300C           00300     MOVLW   0x0C
00DB   2???           00301     CALL    LCD_KOMUT
00DC   3001           00302     MOVLW   0x01
00DD   2???           00303     CALL    LCD_KOMUT
MPASM 5.77                         MAIN2.ASM   12-25-2025  0:49:39         PAGE  7


LOC  OBJECT CODE     LINE SOURCE TEXT
  VALUE

00DE   0008           00304     RETURN
                      00305 
00DF                  00306 LCD_KOMUT
00DF   0088           00307     MOVWF   PORTD
00E0   1206           00308     BCF     RS
00E1   1686           00309     BSF     EN
00E2   0000           00310     NOP
00E3   1286           00311     BCF     EN
00E4   2???           00312     CALL    GECIKME
00E5   0008           00313     RETURN
                      00314 
00E6                  00315 LCD_VERI
00E6   0088           00316     MOVWF   PORTD
00E7   1606           00317     BSF     RS
00E8   1686           00318     BSF     EN
00E9   0000           00319     NOP
00EA   1286           00320     BCF     EN
00EB   2???           00321     CALL    GECIKME
00EC   0008           00322     RETURN
                      00323 
00ED                  00324 GECIKME_KISA
00ED   3032           00325     MOVLW   D'50'
00EE   00A0           00326     MOVWF   SAYAC1
00EF                  00327 L_S
00EF   0BA0           00328     DECFSZ  SAYAC1, F
00F0   2???           00329     GOTO    L_S
00F1   0008           00330     RETURN
                      00331 
00F2                  00332 GECIKME
00F2   3005           00333     MOVLW   D'5'
00F3   00A0           00334     MOVWF   SAYAC1
00F4                  00335 LA
00F4   30FF           00336     MOVLW   D'255'
00F5   00A1           00337     MOVWF   SAYAC2
00F6                  00338 LB
00F6   0BA1           00339     DECFSZ  SAYAC2, F
00F7   2???           00340     GOTO    LB
00F8   0BA0           00341     DECFSZ  SAYAC1, F
00F9   2???           00342     GOTO    LA
00FA   0008           00343     RETURN
                      00344 
3F71                  00345     END
MPASM 5.77                         MAIN2.ASM   12-25-2025  0:49:39         PAGE  8


SYMBOL TABLE
  LABEL                             VALUE 

ACKDT                             00000005
ACKEN                             00000004
ACKSTAT                           00000006
AC_L                              0000003C
AC_YOLU                           0000003A
ADCON0                            0000001F
ADCON1                            0000009F
ADCS0                             00000006
ADCS1                             00000007
ADCS2                             00000006
ADC_OKU                           000000D4
ADDEN                             00000003
ADFM                              00000007
ADIE                              00000006
ADIF                              00000006
ADON                              00000000
ADRESH                            0000001E
ADRESL                            0000009E
ANA_DONGU                         00000015
BCLIE                             00000003
BCLIF                             00000003
BF                                00000000
BIN_SAYI                          00000025
BIN_TO_BCD                        000000AC
BIRLER                            00000028
BRGH                              00000002
C                                 00000000
C1INV                             00000004
C1OUT                             00000006
C2INV                             00000005
C2OUT                             00000007
CCP1CON                           00000017
CCP1IE                            00000002
CCP1IF                            00000002
CCP1M0                            00000000
CCP1M1                            00000001
CCP1M2                            00000002
CCP1M3                            00000003
CCP1X                             00000005
CCP1Y                             00000004
CCP2CON                           0000001D
CCP2IE                            00000000
CCP2IF                            00000000
CCP2M0                            00000000
CCP2M1                            00000001
CCP2M2                            00000002
CCP2M3                            00000003
CCP2X                             00000005
CCP2Y                             00000004
CCPR1                             00000015
CCPR1H                            00000016
CCPR1L                            00000015
CCPR2                             0000001B
MPASM 5.77                         MAIN2.ASM   12-25-2025  0:49:39         PAGE  9


SYMBOL TABLE
  LABEL                             VALUE 

CCPR2H                            0000001C
CCPR2L                            0000001B
CHS0                              00000003
CHS1                              00000004
CHS2                              00000005
CIS                               00000003
CKE                               00000006
CKP                               00000004
CM0                               00000000
CM1                               00000001
CM2                               00000002
CMCON                             0000009C
CMIE                              00000006
CMIF                              00000006
CREN                              00000004
CSRC                              00000007
CURRENT_ST                        00000023
CVR0                              00000000
CVR1                              00000001
CVR2                              00000002
CVR3                              00000003
CVRCON                            0000009D
CVREN                             00000007
CVROE                             00000006
CVRR                              00000005
D                                 00000005
DATA_ADDRESS                      00000005
DC                                00000001
DESIRED_ST                        00000022
D_A                               00000005
D_NOT_A                           00000005
EEADR                             0000010D
EEADRH                            0000010F
EECON1                            0000018C
EECON2                            0000018D
EEDATA                            0000010C
EEDATH                            0000010E
EEIE                              00000004
EEIF                              00000004
EEPGD                             00000007
EN                                PORTB, 5
F                                 00000001
FERR                              00000002
FSR                               00000004
GCEN                              00000007
GECIKME                           000000F2
GECIKME_KISA                      000000ED
GIE                               00000007
GO                                00000002
GO_DONE                           00000002
GO_NOT_DONE                       00000002
I2C_DATA                          00000005
I2C_READ                          00000002
MPASM 5.77                         MAIN2.ASM   12-25-2025  0:49:39         PAGE 10


SYMBOL TABLE
  LABEL                             VALUE 

I2C_START                         00000003
I2C_STOP                          00000004
IBF                               00000007
IBOV                              00000005
INDF                              00000000
INTCON                            0000000B
INTE                              00000004
INTEDG                            00000006
INTF                              00000001
IRP                               00000007
KAPAT_YOLU                        00000042
KONTROL_ET                        0000002B
KP_L                              00000044
LA                                000000F4
LAST_VAL                          0000002C
LB                                000000F6
LCD_DES_YAZ                       00000085
LCD_EKRAN_YAZ                     0000005D
LCD_INIT                          000000D8
LCD_KOMUT                         000000DF
LCD_LINE2                         0000007A
LCD_MAN_M                         00000072
LCD_VAL_BAS                       0000008B
LCD_VERI                          000000E6
LDR_VAL                           00000029
L_E                               000000D2
L_L                               000000CB
L_S                               000000EF
MANUEL_OKU                        00000023
MOD_SWITCH                        PORTA, 2
NOT_A                             00000005
NOT_ADDRESS                       00000005
NOT_BO                            00000000
NOT_BOR                           00000000
NOT_DONE                          00000002
NOT_PD                            00000003
NOT_POR                           00000001
NOT_RBPU                          00000007
NOT_RC8                           00000006
NOT_T1SYNC                        00000002
NOT_TO                            00000004
NOT_TX8                           00000006
NOT_W                             00000002
NOT_WRITE                         00000002
OBF                               00000006
OERR                              00000001
ONLAR                             00000027
OPTION_REG                        00000081
OTOMATIK_OKU                      00000017
O_C                               000000B7
P                                 00000004
PCFG0                             00000000
PCFG1                             00000001
MPASM 5.77                         MAIN2.ASM   12-25-2025  0:49:39         PAGE 11


SYMBOL TABLE
  LABEL                             VALUE 

PCFG2                             00000002
PCFG3                             00000003
PCL                               00000002
PCLATH                            0000000A
PCON                              0000008E
PEIE                              00000006
PEN                               00000002
PHASE_STEP                        0000002D
PIE1                              0000008C
PIE2                              0000008D
PIR1                              0000000C
PIR2                              0000000D
PORTA                             00000005
PORTB                             00000006
PORTC                             00000007
PORTD                             00000008
PORTE                             00000009
POT_VAL                           0000002A
PR2                               00000092
PS0                               00000000
PS1                               00000001
PS2                               00000002
PSA                               00000003
PSPIE                             00000007
PSPIF                             00000007
PSPMODE                           00000004
P_E                               000000C7
P_L                               000000C0
R                                 00000002
RA0                               00000000
RA1                               00000001
RA2                               00000002
RA3                               00000003
RA4                               00000004
RA5                               00000005
RB0                               00000000
RB1                               00000001
RB2                               00000002
RB3                               00000003
RB4                               00000004
RB5                               00000005
RB6                               00000006
RB7                               00000007
RBIE                              00000003
RBIF                              00000000
RC0                               00000000
RC1                               00000001
RC2                               00000002
RC3                               00000003
RC4                               00000004
RC5                               00000005
RC6                               00000006
RC7                               00000007
MPASM 5.77                         MAIN2.ASM   12-25-2025  0:49:39         PAGE 12


SYMBOL TABLE
  LABEL                             VALUE 

RC8_9                             00000006
RC9                               00000006
RCD8                              00000000
RCEN                              00000003
RCIE                              00000005
RCIF                              00000005
RCREG                             0000001A
RCSTA                             00000018
RD                                00000000
RD0                               00000000
RD1                               00000001
RD2                               00000002
RD3                               00000003
RD4                               00000004
RD5                               00000005
RD6                               00000006
RD7                               00000007
RE0                               00000000
RE1                               00000001
RE2                               00000002
READ_WRITE                        00000002
RP0                               00000005
RP1                               00000006
RS                                PORTB, 4
RSEN                              00000001
RX9                               00000006
RX9D                              00000000
R_NOT_W                           00000002
R_W                               00000002
S                                 00000003
SAYAC1                            00000020
SAYAC2                            00000021
SAYI_BAS_3DIGIT                   000000A1
SCALE_LDR_100                     000000C9
SCALE_POT_100                     000000BE
SEN                               00000000
SETUP                             00000001
SINGLE_STEP_CCW                   00000051
SINGLE_STEP_CW                    0000004A
SMP                               00000007
SPBRG                             00000099
SPEN                              00000007
SREN                              00000005
SSPADD                            00000093
SSPBUF                            00000013
SSPCON                            00000014
SSPCON2                           00000091
SSPEN                             00000005
SSPIE                             00000003
SSPIF                             00000003
SSPM0                             00000000
SSPM1                             00000001
SSPM2                             00000002
MPASM 5.77                         MAIN2.ASM   12-25-2025  0:49:39         PAGE 13


SYMBOL TABLE
  LABEL                             VALUE 

SSPM3                             00000003
SSPOV                             00000006
SSPSTAT                           00000094
STATUS                            00000003
STEP_LOOP                         00000024
STEP_TABLE                        00000058
SYNC                              00000004
T0CS                              00000005
T0IE                              00000005
T0IF                              00000002
T0SE                              00000004
T1CKPS0                           00000004
T1CKPS1                           00000005
T1CON                             00000010
T1INSYNC                          00000002
T1OSCEN                           00000003
T1SYNC                            00000002
T2CKPS0                           00000000
T2CKPS1                           00000001
T2CON                             00000012
TEMP_MATH                         0000002B
TMR0                              00000001
TMR0IE                            00000005
TMR0IF                            00000002
TMR1                              0000000E
TMR1CS                            00000001
TMR1H                             0000000F
TMR1IE                            00000000
TMR1IF                            00000000
TMR1L                             0000000E
TMR1ON                            00000000
TMR2                              00000011
TMR2IE                            00000001
TMR2IF                            00000001
TMR2ON                            00000002
TOUTPS0                           00000003
TOUTPS1                           00000004
TOUTPS2                           00000005
TOUTPS3                           00000006
TRISA                             00000085
TRISA0                            00000000
TRISA1                            00000001
TRISA2                            00000002
TRISA3                            00000003
TRISA4                            00000004
TRISA5                            00000005
TRISB                             00000086
TRISB0                            00000000
TRISB1                            00000001
TRISB2                            00000002
TRISB3                            00000003
TRISB4                            00000004
TRISB5                            00000005
MPASM 5.77                         MAIN2.ASM   12-25-2025  0:49:39         PAGE 14


SYMBOL TABLE
  LABEL                             VALUE 

TRISB6                            00000006
TRISB7                            00000007
TRISC                             00000087
TRISC0                            00000000
TRISC1                            00000001
TRISC2                            00000002
TRISC3                            00000003
TRISC4                            00000004
TRISC5                            00000005
TRISC6                            00000006
TRISC7                            00000007
TRISD                             00000088
TRISD0                            00000000
TRISD1                            00000001
TRISD2                            00000002
TRISD3                            00000003
TRISD4                            00000004
TRISD5                            00000005
TRISD6                            00000006
TRISD7                            00000007
TRISE                             00000089
TRISE0                            00000000
TRISE1                            00000001
TRISE2                            00000002
TRMT                              00000001
TX8_9                             00000006
TX9                               00000006
TX9D                              00000000
TXD8                              00000000
TXEN                              00000005
TXIE                              00000004
TXIF                              00000004
TXREG                             00000019
TXSTA                             00000098
UA                                00000001
W                                 00000000
WCOL                              00000007
WR                                00000001
WREN                              00000002
WRERR                             00000003
W_D                               000000D5
YUZLER                            00000026
Y_C                               000000B0
Z                                 00000002
_BODEN_OFF                        00003FBF
_BODEN_ON                         00003FFF
_BOREN_OFF                        00003FBF
_BOREN_ON                         00003FFF
_CONFIG                           00002007
_CPD_OFF                          00003FFF
_CPD_ON                           00003EFF
_CP_ALL                           00001FFF
_CP_OFF                           00003FFF
MPASM 5.77                         MAIN2.ASM   12-25-2025  0:49:39         PAGE 15


SYMBOL TABLE
  LABEL                             VALUE 

_CP_ON                            00001FFF
_DEBUG_OFF                        00003FFF
_DEBUG_ON                         000037FF
_DEVID1                           00002006
_FOSC_EXTRC                       00003FFF
_FOSC_HS                          00003FFE
_FOSC_LP                          00003FFC
_FOSC_XT                          00003FFD
_HS_OSC                           00003FFE
_IDLOC0                           00002000
_IDLOC1                           00002001
_IDLOC2                           00002002
_IDLOC3                           00002003
_LP_OSC                           00003FFC
_LVP_OFF                          00003F7F
_LVP_ON                           00003FFF
_PWRTE_OFF                        00003FFF
_PWRTE_ON                         00003FF7
_RC_OSC                           00003FFF
_WDTE_OFF                         00003FFB
_WDTE_ON                          00003FFF
_WDT_OFF                          00003FFB
_WDT_ON                           00003FFF
_WRT_1FOURTH                      00003BFF
_WRT_256                          00003DFF
_WRT_HALF                         000039FF
_WRT_OFF                          00003FFF
_XT_OSC                           00003FFD
__16F877A                         00000001

Errors   :     0
Warnings :     1 reported,     0 suppressed
Messages :     4 reported,     0 suppressed

